<?xml version="1.0" encoding="UTF-8"?>
<!-- Generated by org.testng.reporters.JUnitXMLReporter -->
<testsuite ignored="0" hostname="Edisons-Air" failures="0" tests="4" name="First Android Device" time="31.048" errors="0" timestamp="2022-09-28T16:20:18 NZDT">
  <testcase classname="DragAndDrop" name="dragAndDrop" time="9.303"/>
  <testcase classname="Forms" name="clickSwitch" time="2.106"/>
  <testcase classname="Forms" name="filloutForm" time="1.256"/>
  <testcase classname="Login" name="clicklogin" time="3.409"/>
</testsuite> <!-- First Android Device -->
