<?xml version="1.0" encoding="UTF-8"?>
<!-- Generated by org.testng.reporters.JUnitXMLReporter -->
<testsuite ignored="0" hostname="Edisons-Air" failures="0" tests="4" name="First iOS Device" time="31.539" errors="0" timestamp="2022-09-28T16:20:18 NZDT">
  <testcase classname="DragAndDrop" name="dragAndDrop" time="8.207"/>
  <testcase classname="Forms" name="clickSwitch" time="1.512"/>
  <testcase classname="Forms" name="filloutForm" time="1.374"/>
  <testcase classname="Login" name="clicklogin" time="3.287"/>
</testsuite> <!-- First iOS Device -->
