<?xml version="1.0" encoding="UTF-8"?>
<!-- Generated by org.testng.reporters.JUnitXMLReporter -->
<testsuite ignored="0" hostname="Edisons-Air" failures="0" tests="4" name="Second iOS Device" time="34.225" errors="0" timestamp="2022-09-28T16:20:21 NZDT">
  <testcase classname="DragAndDrop" name="dragAndDrop" time="7.96"/>
  <testcase classname="Forms" name="clickSwitch" time="1.492"/>
  <testcase classname="Forms" name="filloutForm" time="1.424"/>
  <testcase classname="Login" name="clicklogin" time="3.063"/>
</testsuite> <!-- Second iOS Device -->
