<?xml version="1.0" encoding="UTF-8"?>
<!-- Generated by org.testng.reporters.JUnitXMLReporter -->
<testsuite ignored="2" hostname="Edisons-Air" failures="0" tests="2" name="Wdio" time="9.821" errors="0" timestamp="2022-09-25T13:27:58 NZDT">
  <testcase classname="Forms" name="clicklogin" time="2.105"/>
  <testcase classname="Login" name="clicklogin" time="3.825"/>
  <testcase classname="Basetest" name="@BeforeTest android_setUp" time="0.0">
    <ignored/>
  </testcase> <!-- @BeforeTest android_setUp -->
  <testcase classname="Basetest" name="@AfterTest tearDown" time="0.0">
    <ignored/>
  </testcase> <!-- @AfterTest tearDown -->
</testsuite> <!-- Wdio -->
