<?xml version="1.0" encoding="UTF-8"?>
<testng-results ignored="0" total="12" passed="12" failed="0" skipped="0">
  <reporter-output>
  </reporter-output>
  <suite started-at="2022-09-26T20:31:53 NZDT" name="Suite" finished-at="2022-09-26T20:34:19 NZDT" duration-ms="145426">
    <groups>
    </groups>
    <test started-at="2022-09-26T20:31:53 NZDT" name="First iOS Device" finished-at="2022-09-26T20:32:24 NZDT" duration-ms="30433">
      <class name="Forms">
        <test-method is-config="true" signature="ios_setUp(java.lang.String,java.lang.String,java.lang.String,java.lang.String)[pri:0, instance:Forms@23f7d05d]" started-at="2022-09-26T20:31:53 NZDT" name="ios_setUp" finished-at="2022-09-26T20:32:00 NZDT" duration-ms="7008" status="PASS">
          <params>
            <param index="0">
              <value>
                <![CDATA[iPhone 12 Pro]]>
              </value>
            </param>
            <param index="1">
              <value>
                <![CDATA[14.4]]>
              </value>
            </param>
            <param index="2">
              <value>
                <![CDATA[iOS]]>
              </value>
            </param>
            <param index="3">
              <value>
                <![CDATA[XCUITest]]>
              </value>
            </param>
          </params>
          <reporter-output>
          </reporter-output>
        </test-method> <!-- ios_setUp -->
        <test-method signature="clickSwitch()[pri:0, instance:Forms@23f7d05d]" started-at="2022-09-26T20:32:00 NZDT" name="clickSwitch" finished-at="2022-09-26T20:32:02 NZDT" duration-ms="1527" status="PASS">
          <reporter-output>
          </reporter-output>
        </test-method> <!-- clickSwitch -->
        <test-method signature="filloutForm()[pri:0, instance:Forms@23f7d05d]" started-at="2022-09-26T20:32:02 NZDT" name="filloutForm" finished-at="2022-09-26T20:32:03 NZDT" duration-ms="1352" status="PASS">
          <reporter-output>
          </reporter-output>
        </test-method> <!-- filloutForm -->
        <test-method is-config="true" signature="tearDown()[pri:0, instance:Forms@23f7d05d]" started-at="2022-09-26T20:32:03 NZDT" name="tearDown" finished-at="2022-09-26T20:32:09 NZDT" duration-ms="5559" status="PASS">
          <reporter-output>
          </reporter-output>
        </test-method> <!-- tearDown -->
      </class> <!-- Forms -->
      <class name="Login">
        <test-method is-config="true" signature="ios_setUp(java.lang.String,java.lang.String,java.lang.String,java.lang.String)[pri:0, instance:Login@23529fee]" started-at="2022-09-26T20:32:09 NZDT" name="ios_setUp" finished-at="2022-09-26T20:32:15 NZDT" duration-ms="6137" status="PASS">
          <params>
            <param index="0">
              <value>
                <![CDATA[iPhone 12 Pro]]>
              </value>
            </param>
            <param index="1">
              <value>
                <![CDATA[14.4]]>
              </value>
            </param>
            <param index="2">
              <value>
                <![CDATA[iOS]]>
              </value>
            </param>
            <param index="3">
              <value>
                <![CDATA[XCUITest]]>
              </value>
            </param>
          </params>
          <reporter-output>
          </reporter-output>
        </test-method> <!-- ios_setUp -->
        <test-method signature="clicklogin()[pri:0, instance:Login@23529fee]" started-at="2022-09-26T20:32:15 NZDT" name="clicklogin" finished-at="2022-09-26T20:32:19 NZDT" duration-ms="3769" status="PASS">
          <reporter-output>
          </reporter-output>
        </test-method> <!-- clicklogin -->
        <test-method is-config="true" signature="tearDown()[pri:0, instance:Login@23529fee]" started-at="2022-09-26T20:32:19 NZDT" name="tearDown" finished-at="2022-09-26T20:32:24 NZDT" duration-ms="5067" status="PASS">
          <reporter-output>
          </reporter-output>
        </test-method> <!-- tearDown -->
      </class> <!-- Login -->
    </test> <!-- First iOS Device -->
    <test started-at="2022-09-26T20:32:24 NZDT" name="Second iOS Device" finished-at="2022-09-26T20:33:20 NZDT" duration-ms="56236">
      <class name="Forms">
        <test-method is-config="true" signature="ios_setUp(java.lang.String,java.lang.String,java.lang.String,java.lang.String)[pri:0, instance:Forms@6b26e945]" started-at="2022-09-26T20:32:24 NZDT" name="ios_setUp" finished-at="2022-09-26T20:32:56 NZDT" duration-ms="32543" status="PASS">
          <params>
            <param index="0">
              <value>
                <![CDATA[iPhone 13 Pro]]>
              </value>
            </param>
            <param index="1">
              <value>
                <![CDATA[15.4]]>
              </value>
            </param>
            <param index="2">
              <value>
                <![CDATA[iOS]]>
              </value>
            </param>
            <param index="3">
              <value>
                <![CDATA[XCUITest]]>
              </value>
            </param>
          </params>
          <reporter-output>
          </reporter-output>
        </test-method> <!-- ios_setUp -->
        <test-method signature="clickSwitch()[pri:0, instance:Forms@6b26e945]" started-at="2022-09-26T20:32:56 NZDT" name="clickSwitch" finished-at="2022-09-26T20:32:58 NZDT" duration-ms="1685" status="PASS">
          <reporter-output>
          </reporter-output>
        </test-method> <!-- clickSwitch -->
        <test-method signature="filloutForm()[pri:0, instance:Forms@6b26e945]" started-at="2022-09-26T20:32:58 NZDT" name="filloutForm" finished-at="2022-09-26T20:32:59 NZDT" duration-ms="1581" status="PASS">
          <reporter-output>
          </reporter-output>
        </test-method> <!-- filloutForm -->
        <test-method is-config="true" signature="tearDown()[pri:0, instance:Forms@6b26e945]" started-at="2022-09-26T20:32:59 NZDT" name="tearDown" finished-at="2022-09-26T20:33:05 NZDT" duration-ms="5284" status="PASS">
          <reporter-output>
          </reporter-output>
        </test-method> <!-- tearDown -->
      </class> <!-- Forms -->
      <class name="Login">
        <test-method is-config="true" signature="ios_setUp(java.lang.String,java.lang.String,java.lang.String,java.lang.String)[pri:0, instance:Login@63a65a25]" started-at="2022-09-26T20:33:05 NZDT" name="ios_setUp" finished-at="2022-09-26T20:33:11 NZDT" duration-ms="6431" status="PASS">
          <params>
            <param index="0">
              <value>
                <![CDATA[iPhone 13 Pro]]>
              </value>
            </param>
            <param index="1">
              <value>
                <![CDATA[15.4]]>
              </value>
            </param>
            <param index="2">
              <value>
                <![CDATA[iOS]]>
              </value>
            </param>
            <param index="3">
              <value>
                <![CDATA[XCUITest]]>
              </value>
            </param>
          </params>
          <reporter-output>
          </reporter-output>
        </test-method> <!-- ios_setUp -->
        <test-method signature="clicklogin()[pri:0, instance:Login@63a65a25]" started-at="2022-09-26T20:33:11 NZDT" name="clicklogin" finished-at="2022-09-26T20:33:14 NZDT" duration-ms="3171" status="PASS">
          <reporter-output>
          </reporter-output>
        </test-method> <!-- clicklogin -->
        <test-method is-config="true" signature="tearDown()[pri:0, instance:Login@63a65a25]" started-at="2022-09-26T20:33:14 NZDT" name="tearDown" finished-at="2022-09-26T20:33:20 NZDT" duration-ms="5538" status="PASS">
          <reporter-output>
          </reporter-output>
        </test-method> <!-- tearDown -->
      </class> <!-- Login -->
    </test> <!-- Second iOS Device -->
    <test started-at="2022-09-26T20:33:20 NZDT" name="First Android Device" finished-at="2022-09-26T20:33:49 NZDT" duration-ms="29144">
      <class name="Forms">
        <test-method is-config="true" signature="ios_setUp(java.lang.String,java.lang.String,java.lang.String,java.lang.String)[pri:0, instance:Forms@3c9d0b9d]" started-at="2022-09-26T20:33:20 NZDT" name="ios_setUp" finished-at="2022-09-26T20:33:27 NZDT" duration-ms="6902" status="PASS">
          <params>
            <param index="0">
              <value>
                <![CDATA[Pixel_4]]>
              </value>
            </param>
            <param index="1">
              <value>
                <![CDATA[9.0]]>
              </value>
            </param>
            <param index="2">
              <value>
                <![CDATA[Android]]>
              </value>
            </param>
            <param index="3">
              <value>
                <![CDATA[UiAutomator2]]>
              </value>
            </param>
          </params>
          <reporter-output>
          </reporter-output>
        </test-method> <!-- ios_setUp -->
        <test-method signature="clickSwitch()[pri:0, instance:Forms@3c9d0b9d]" started-at="2022-09-26T20:33:27 NZDT" name="clickSwitch" finished-at="2022-09-26T20:33:29 NZDT" duration-ms="2025" status="PASS">
          <reporter-output>
          </reporter-output>
        </test-method> <!-- clickSwitch -->
        <test-method signature="filloutForm()[pri:0, instance:Forms@3c9d0b9d]" started-at="2022-09-26T20:33:29 NZDT" name="filloutForm" finished-at="2022-09-26T20:33:30 NZDT" duration-ms="1278" status="PASS">
          <reporter-output>
          </reporter-output>
        </test-method> <!-- filloutForm -->
        <test-method is-config="true" signature="tearDown()[pri:0, instance:Forms@3c9d0b9d]" started-at="2022-09-26T20:33:30 NZDT" name="tearDown" finished-at="2022-09-26T20:33:34 NZDT" duration-ms="4157" status="PASS">
          <reporter-output>
          </reporter-output>
        </test-method> <!-- tearDown -->
      </class> <!-- Forms -->
      <class name="Login">
        <test-method is-config="true" signature="ios_setUp(java.lang.String,java.lang.String,java.lang.String,java.lang.String)[pri:0, instance:Login@43301423]" started-at="2022-09-26T20:33:34 NZDT" name="ios_setUp" finished-at="2022-09-26T20:33:41 NZDT" duration-ms="6747" status="PASS">
          <params>
            <param index="0">
              <value>
                <![CDATA[Pixel_4]]>
              </value>
            </param>
            <param index="1">
              <value>
                <![CDATA[9.0]]>
              </value>
            </param>
            <param index="2">
              <value>
                <![CDATA[Android]]>
              </value>
            </param>
            <param index="3">
              <value>
                <![CDATA[UiAutomator2]]>
              </value>
            </param>
          </params>
          <reporter-output>
          </reporter-output>
        </test-method> <!-- ios_setUp -->
        <test-method signature="clicklogin()[pri:0, instance:Login@43301423]" started-at="2022-09-26T20:33:41 NZDT" name="clicklogin" finished-at="2022-09-26T20:33:45 NZDT" duration-ms="3914" status="PASS">
          <reporter-output>
          </reporter-output>
        </test-method> <!-- clicklogin -->
        <test-method is-config="true" signature="tearDown()[pri:0, instance:Login@43301423]" started-at="2022-09-26T20:33:45 NZDT" name="tearDown" finished-at="2022-09-26T20:33:49 NZDT" duration-ms="4117" status="PASS">
          <reporter-output>
          </reporter-output>
        </test-method> <!-- tearDown -->
      </class> <!-- Login -->
    </test> <!-- First Android Device -->
    <test started-at="2022-09-26T20:33:49 NZDT" name="Second Android Device" finished-at="2022-09-26T20:34:19 NZDT" duration-ms="29583">
      <class name="Forms">
        <test-method is-config="true" signature="ios_setUp(java.lang.String,java.lang.String,java.lang.String,java.lang.String)[pri:0, instance:Forms@d4342c2]" started-at="2022-09-26T20:33:49 NZDT" name="ios_setUp" finished-at="2022-09-26T20:33:56 NZDT" duration-ms="7260" status="PASS">
          <params>
            <param index="0">
              <value>
                <![CDATA[Pixel_5]]>
              </value>
            </param>
            <param index="1">
              <value>
                <![CDATA[12.0]]>
              </value>
            </param>
            <param index="2">
              <value>
                <![CDATA[Android]]>
              </value>
            </param>
            <param index="3">
              <value>
                <![CDATA[UiAutomator2]]>
              </value>
            </param>
          </params>
          <reporter-output>
          </reporter-output>
        </test-method> <!-- ios_setUp -->
        <test-method signature="clickSwitch()[pri:0, instance:Forms@d4342c2]" started-at="2022-09-26T20:33:56 NZDT" name="clickSwitch" finished-at="2022-09-26T20:33:58 NZDT" duration-ms="2142" status="PASS">
          <reporter-output>
          </reporter-output>
        </test-method> <!-- clickSwitch -->
        <test-method signature="filloutForm()[pri:0, instance:Forms@d4342c2]" started-at="2022-09-26T20:33:58 NZDT" name="filloutForm" finished-at="2022-09-26T20:33:59 NZDT" duration-ms="771" status="PASS">
          <reporter-output>
          </reporter-output>
        </test-method> <!-- filloutForm -->
        <test-method is-config="true" signature="tearDown()[pri:0, instance:Forms@d4342c2]" started-at="2022-09-26T20:33:59 NZDT" name="tearDown" finished-at="2022-09-26T20:34:04 NZDT" duration-ms="4569" status="PASS">
          <reporter-output>
          </reporter-output>
        </test-method> <!-- tearDown -->
      </class> <!-- Forms -->
      <class name="Login">
        <test-method is-config="true" signature="ios_setUp(java.lang.String,java.lang.String,java.lang.String,java.lang.String)[pri:0, instance:Login@2bbf180e]" started-at="2022-09-26T20:34:04 NZDT" name="ios_setUp" finished-at="2022-09-26T20:34:11 NZDT" duration-ms="6788" status="PASS">
          <params>
            <param index="0">
              <value>
                <![CDATA[Pixel_5]]>
              </value>
            </param>
            <param index="1">
              <value>
                <![CDATA[12.0]]>
              </value>
            </param>
            <param index="2">
              <value>
                <![CDATA[Android]]>
              </value>
            </param>
            <param index="3">
              <value>
                <![CDATA[UiAutomator2]]>
              </value>
            </param>
          </params>
          <reporter-output>
          </reporter-output>
        </test-method> <!-- ios_setUp -->
        <test-method signature="clicklogin()[pri:0, instance:Login@2bbf180e]" started-at="2022-09-26T20:34:11 NZDT" name="clicklogin" finished-at="2022-09-26T20:34:14 NZDT" duration-ms="3527" status="PASS">
          <reporter-output>
          </reporter-output>
        </test-method> <!-- clicklogin -->
        <test-method is-config="true" signature="tearDown()[pri:0, instance:Login@2bbf180e]" started-at="2022-09-26T20:34:14 NZDT" name="tearDown" finished-at="2022-09-26T20:34:19 NZDT" duration-ms="4524" status="PASS">
          <reporter-output>
          </reporter-output>
        </test-method> <!-- tearDown -->
      </class> <!-- Login -->
    </test> <!-- Second Android Device -->
  </suite> <!-- Suite -->
</testng-results>
